<?xml version="1.0" encoding="UTF-8"?>
<coverage generated="1634302651237" clover="3.2.0">
  <project timestamp="1634302651237" name="All files">
    <metrics statements="226" coveredstatements="186" conditionals="106" coveredconditionals="73" methods="29" coveredmethods="23" elements="361" coveredelements="282" complexity="0" loc="226" ncloc="226" packages="1" files="8" classes="8"/>
    <file name="app.js" path="F:\Projects\Todo_Board\todo_backend\app.js">
      <metrics statements="175" coveredstatements="135" conditionals="104" coveredconditionals="72" methods="27" coveredmethods="21"/>
      <line num="1" count="2" type="stmt"/>
      <line num="2" count="2" type="stmt"/>
      <line num="3" count="2" type="stmt"/>
      <line num="4" count="2" type="stmt"/>
      <line num="5" count="2" type="stmt"/>
      <line num="6" count="2" type="stmt"/>
      <line num="7" count="2" type="stmt"/>
      <line num="8" count="2" type="stmt"/>
      <line num="9" count="2" type="stmt"/>
      <line num="10" count="2" type="stmt"/>
      <line num="11" count="2" type="stmt"/>
      <line num="13" count="2" type="stmt"/>
      <line num="14" count="2" type="stmt"/>
      <line num="16" count="2" type="stmt"/>
      <line num="22" count="2" type="stmt"/>
      <line num="24" count="2" type="stmt"/>
      <line num="26" count="2" type="stmt"/>
      <line num="27" count="2" type="stmt"/>
      <line num="30" count="51" type="cond" truecount="4" falsecount="0"/>
      <line num="31" count="20" type="stmt"/>
      <line num="34" count="31" type="cond" truecount="2" falsecount="0"/>
      <line num="35" count="10" type="stmt"/>
      <line num="39" count="21" type="stmt"/>
      <line num="44" count="8" type="cond" truecount="2" falsecount="0"/>
      <line num="45" count="4" type="stmt"/>
      <line num="49" count="4" type="stmt"/>
      <line num="54" count="9" type="cond" truecount="2" falsecount="0"/>
      <line num="55" count="3" type="stmt"/>
      <line num="59" count="6" type="stmt"/>
      <line num="64" count="4" type="cond" truecount="2" falsecount="0"/>
      <line num="65" count="2" type="stmt"/>
      <line num="69" count="2" type="stmt"/>
      <line num="74" count="0" type="cond" truecount="0" falsecount="2"/>
      <line num="75" count="0" type="stmt"/>
      <line num="79" count="0" type="stmt"/>
      <line num="84" count="2" type="stmt"/>
      <line num="85" count="1" type="stmt"/>
      <line num="86" count="1" type="cond" truecount="3" falsecount="1"/>
      <line num="87" count="0" type="stmt"/>
      <line num="91" count="1" type="stmt"/>
      <line num="96" count="2" type="stmt"/>
      <line num="97" count="1" type="stmt"/>
      <line num="98" count="1" type="cond" truecount="3" falsecount="1"/>
      <line num="99" count="0" type="stmt"/>
      <line num="103" count="1" type="stmt"/>
      <line num="107" count="2" type="stmt"/>
      <line num="108" count="2" type="stmt"/>
      <line num="109" count="2" type="cond" truecount="2" falsecount="0"/>
      <line num="110" count="1" type="stmt"/>
      <line num="114" count="1" type="stmt"/>
      <line num="118" count="2" type="stmt"/>
      <line num="119" count="5" type="cond" truecount="2" falsecount="0"/>
      <line num="120" count="2" type="stmt"/>
      <line num="121" count="2" type="cond" truecount="2" falsecount="0"/>
      <line num="122" count="1" type="stmt"/>
      <line num="123" count="1" type="cond" truecount="1" falsecount="1"/>
      <line num="124" count="0" type="stmt"/>
      <line num="128" count="1" type="stmt"/>
      <line num="135" count="2" type="stmt"/>
      <line num="136" count="5" type="cond" truecount="2" falsecount="0"/>
      <line num="137" count="2" type="stmt"/>
      <line num="138" count="2" type="cond" truecount="2" falsecount="0"/>
      <line num="139" count="1" type="stmt"/>
      <line num="140" count="1" type="cond" truecount="1" falsecount="1"/>
      <line num="141" count="0" type="stmt"/>
      <line num="145" count="1" type="stmt"/>
      <line num="152" count="2" type="stmt"/>
      <line num="153" count="0" type="cond" truecount="0" falsecount="2"/>
      <line num="154" count="0" type="stmt"/>
      <line num="155" count="0" type="cond" truecount="0" falsecount="2"/>
      <line num="156" count="0" type="stmt"/>
      <line num="161" count="0" type="stmt"/>
      <line num="167" count="2" type="stmt"/>
      <line num="168" count="5" type="cond" truecount="2" falsecount="0"/>
      <line num="169" count="2" type="stmt"/>
      <line num="170" count="2" type="cond" truecount="2" falsecount="0"/>
      <line num="171" count="1" type="stmt"/>
      <line num="176" count="1" type="stmt"/>
      <line num="182" count="2" type="stmt"/>
      <line num="183" count="5" type="cond" truecount="2" falsecount="0"/>
      <line num="184" count="2" type="stmt"/>
      <line num="185" count="2" type="cond" truecount="2" falsecount="0"/>
      <line num="186" count="1" type="stmt"/>
      <line num="191" count="1" type="stmt"/>
      <line num="197" count="2" type="stmt"/>
      <line num="198" count="5" type="cond" truecount="2" falsecount="0"/>
      <line num="199" count="2" type="stmt"/>
      <line num="200" count="2" type="cond" truecount="2" falsecount="0"/>
      <line num="201" count="1" type="stmt"/>
      <line num="206" count="1" type="stmt"/>
      <line num="212" count="2" type="stmt"/>
      <line num="213" count="5" type="cond" truecount="2" falsecount="0"/>
      <line num="214" count="2" type="cond" truecount="1" falsecount="1"/>
      <line num="215" count="0" type="stmt"/>
      <line num="219" count="2" type="stmt"/>
      <line num="220" count="2" type="cond" truecount="2" falsecount="0"/>
      <line num="221" count="1" type="stmt"/>
      <line num="222" count="1" type="stmt"/>
      <line num="229" count="2" type="stmt"/>
      <line num="230" count="5" type="cond" truecount="2" falsecount="0"/>
      <line num="231" count="2" type="stmt"/>
      <line num="232" count="2" type="cond" truecount="2" falsecount="0"/>
      <line num="233" count="1" type="stmt"/>
      <line num="237" count="1" type="stmt"/>
      <line num="244" count="2" type="stmt"/>
      <line num="245" count="0" type="cond" truecount="0" falsecount="2"/>
      <line num="246" count="0" type="stmt"/>
      <line num="247" count="0" type="cond" truecount="0" falsecount="2"/>
      <line num="248" count="0" type="stmt"/>
      <line num="251" count="0" type="stmt"/>
      <line num="258" count="2" type="stmt"/>
      <line num="259" count="5" type="cond" truecount="2" falsecount="0"/>
      <line num="260" count="2" type="cond" truecount="1" falsecount="1"/>
      <line num="261" count="0" type="stmt"/>
      <line num="265" count="2" type="stmt"/>
      <line num="266" count="2" type="cond" truecount="2" falsecount="0"/>
      <line num="267" count="1" type="stmt"/>
      <line num="268" count="1" type="stmt"/>
      <line num="275" count="2" type="stmt"/>
      <line num="276" count="1" type="cond" truecount="1" falsecount="1"/>
      <line num="277" count="0" type="stmt"/>
      <line num="281" count="1" type="stmt"/>
      <line num="284" count="1" type="stmt"/>
      <line num="288" count="2" type="stmt"/>
      <line num="299" count="2" type="stmt"/>
      <line num="300" count="1" type="stmt"/>
      <line num="301" count="1" type="cond" truecount="1" falsecount="1"/>
      <line num="303" count="1" type="stmt"/>
      <line num="312" count="1" type="cond" truecount="1" falsecount="1"/>
      <line num="313" count="0" type="stmt"/>
      <line num="317" count="1" type="cond" truecount="1" falsecount="1"/>
      <line num="318" count="0" type="stmt"/>
      <line num="322" count="1" type="stmt"/>
      <line num="323" count="1" type="stmt"/>
      <line num="324" count="1" type="stmt"/>
      <line num="331" count="1" type="stmt"/>
      <line num="340" count="0" type="stmt"/>
      <line num="345" count="2" type="stmt"/>
      <line num="346" count="0" type="stmt"/>
      <line num="347" count="0" type="stmt"/>
      <line num="356" count="0" type="cond" truecount="0" falsecount="2"/>
      <line num="357" count="0" type="stmt"/>
      <line num="361" count="0" type="cond" truecount="0" falsecount="2"/>
      <line num="362" count="0" type="stmt"/>
      <line num="365" count="0" type="cond" truecount="0" falsecount="2"/>
      <line num="366" count="0" type="stmt"/>
      <line num="372" count="0" type="stmt"/>
      <line num="376" count="0" type="stmt"/>
      <line num="384" count="2" type="stmt"/>
      <line num="385" count="5" type="cond" truecount="2" falsecount="0"/>
      <line num="386" count="2" type="cond" truecount="1" falsecount="1"/>
      <line num="387" count="0" type="stmt"/>
      <line num="391" count="2" type="stmt"/>
      <line num="392" count="2" type="cond" truecount="2" falsecount="0"/>
      <line num="393" count="1" type="stmt"/>
      <line num="397" count="1" type="stmt"/>
      <line num="404" count="2" type="stmt"/>
      <line num="405" count="6" type="cond" truecount="2" falsecount="0"/>
      <line num="406" count="3" type="cond" truecount="1" falsecount="1"/>
      <line num="407" count="0" type="stmt"/>
      <line num="411" count="3" type="stmt"/>
      <line num="412" count="3" type="cond" truecount="1" falsecount="1"/>
      <line num="413" count="0" type="stmt"/>
      <line num="415" count="3" type="stmt"/>
      <line num="416" count="3" type="cond" truecount="2" falsecount="0"/>
      <line num="417" count="1" type="stmt"/>
      <line num="418" count="1" type="cond" truecount="1" falsecount="1"/>
      <line num="419" count="0" type="stmt"/>
      <line num="422" count="3" type="stmt"/>
      <line num="428" count="3" type="stmt"/>
      <line num="432" count="2" type="stmt"/>
      <line num="433" count="0" type="cond" truecount="0" falsecount="2"/>
      <line num="434" count="0" type="stmt"/>
      <line num="436" count="0" type="stmt"/>
      <line num="439" count="2" type="stmt"/>
    </file>
    <file name="board.js" path="F:\Projects\Todo_Board\todo_backend\board.js">
      <metrics statements="4" coveredstatements="4" conditionals="0" coveredconditionals="0" methods="0" coveredmethods="0"/>
      <line num="1" count="2" type="stmt"/>
      <line num="2" count="2" type="stmt"/>
      <line num="6" count="2" type="stmt"/>
      <line num="17" count="2" type="stmt"/>
    </file>
    <file name="column.js" path="F:\Projects\Todo_Board\todo_backend\column.js">
      <metrics statements="4" coveredstatements="4" conditionals="0" coveredconditionals="0" methods="0" coveredmethods="0"/>
      <line num="1" count="2" type="stmt"/>
      <line num="2" count="2" type="stmt"/>
      <line num="6" count="2" type="stmt"/>
      <line num="17" count="2" type="stmt"/>
    </file>
    <file name="db.js" path="F:\Projects\Todo_Board\todo_backend\db.js">
      <metrics statements="5" coveredstatements="5" conditionals="2" coveredconditionals="1" methods="0" coveredmethods="0"/>
      <line num="1" count="2" type="stmt"/>
      <line num="2" count="2" type="stmt"/>
      <line num="5" count="2" type="cond" truecount="1" falsecount="1"/>
      <line num="9" count="2" type="stmt"/>
      <line num="15" count="2" type="stmt"/>
    </file>
    <file name="sandbox.js" path="F:\Projects\Todo_Board\todo_backend\sandbox.js">
      <metrics statements="15" coveredstatements="15" conditionals="0" coveredconditionals="0" methods="1" coveredmethods="1"/>
      <line num="1" count="2" type="stmt"/>
      <line num="2" count="2" type="stmt"/>
      <line num="3" count="2" type="stmt"/>
      <line num="4" count="2" type="stmt"/>
      <line num="5" count="2" type="stmt"/>
      <line num="8" count="59" type="stmt"/>
      <line num="10" count="59" type="stmt"/>
      <line num="20" count="59" type="stmt"/>
      <line num="25" count="59" type="stmt"/>
      <line num="29" count="59" type="stmt"/>
      <line num="34" count="59" type="stmt"/>
      <line num="38" count="59" type="stmt"/>
      <line num="40" count="59" type="stmt"/>
      <line num="44" count="59" type="stmt"/>
      <line num="47" count="2" type="stmt"/>
    </file>
    <file name="setupDb.js" path="F:\Projects\Todo_Board\todo_backend\setupDb.js">
      <metrics statements="15" coveredstatements="15" conditionals="0" coveredconditionals="0" methods="1" coveredmethods="1"/>
      <line num="1" count="2" type="stmt"/>
      <line num="2" count="2" type="stmt"/>
      <line num="3" count="2" type="stmt"/>
      <line num="4" count="2" type="stmt"/>
      <line num="5" count="2" type="stmt"/>
      <line num="8" count="59" type="stmt"/>
      <line num="9" count="59" type="stmt"/>
      <line num="11" count="59" type="stmt"/>
      <line num="12" count="59" type="stmt"/>
      <line num="14" count="59" type="stmt"/>
      <line num="15" count="59" type="stmt"/>
      <line num="17" count="59" type="stmt"/>
      <line num="18" count="59" type="stmt"/>
      <line num="20" count="59" type="stmt"/>
      <line num="23" count="2" type="stmt"/>
    </file>
    <file name="task.js" path="F:\Projects\Todo_Board\todo_backend\task.js">
      <metrics statements="4" coveredstatements="4" conditionals="0" coveredconditionals="0" methods="0" coveredmethods="0"/>
      <line num="1" count="2" type="stmt"/>
      <line num="2" count="2" type="stmt"/>
      <line num="6" count="2" type="stmt"/>
      <line num="18" count="2" type="stmt"/>
    </file>
    <file name="user.js" path="F:\Projects\Todo_Board\todo_backend\user.js">
      <metrics statements="4" coveredstatements="4" conditionals="0" coveredconditionals="0" methods="0" coveredmethods="0"/>
      <line num="1" count="2" type="stmt"/>
      <line num="2" count="2" type="stmt"/>
      <line num="6" count="2" type="stmt"/>
      <line num="21" count="2" type="stmt"/>
    </file>
  </project>
</coverage>
