{"F:\\Projects\\Todo_Board\\todo_backend\\app.js": {"path":"F:\\Projects\\Todo_Board\\todo_backend\\app.js","statementMap":{"0":{"start":{"line":1,"column":18},"end":{"line":1,"column":33}},"1":{"start":{"line":2,"column":43},"end":{"line":2,"column":72}},"2":{"start":{"line":3,"column":16},"end":{"line":3,"column":34}},"3":{"start":{"line":4,"column":13},"end":{"line":4,"column":30}},"4":{"start":{"line":5,"column":14},"end":{"line":5,"column":32}},"5":{"start":{"line":6,"column":15},"end":{"line":6,"column":34}},"6":{"start":{"line":7,"column":13},"end":{"line":7,"column":30}},"7":{"start":{"line":8,"column":16},"end":{"line":8,"column":36}},"8":{"start":{"line":9,"column":15},"end":{"line":9,"column":32}},"9":{"start":{"line":10,"column":19},"end":{"line":10,"column":21}},"10":{"start":{"line":11,"column":19},"end":{"line":11,"column":42}},"11":{"start":{"line":13,"column":12},"end":{"line":13,"column":21}},"12":{"start":{"line":14,"column":13},"end":{"line":14,"column":28}},"13":{"start":{"line":16,"column":20},"end":{"line":20,"column":1}},"14":{"start":{"line":22,"column":0},"end":{"line":22,"column":27}},"15":{"start":{"line":24,"column":0},"end":{"line":24,"column":10}},"16":{"start":{"line":26,"column":0},"end":{"line":26,"column":48}},"17":{"start":{"line":27,"column":0},"end":{"line":27,"column":24}},"18":{"start":{"line":30,"column":2},"end":{"line":40,"column":3}},"19":{"start":{"line":31,"column":4},"end":{"line":33,"column":7}},"20":{"start":{"line":34,"column":9},"end":{"line":40,"column":3}},"21":{"start":{"line":35,"column":4},"end":{"line":37,"column":7}},"22":{"start":{"line":39,"column":4},"end":{"line":39,"column":16}},"23":{"start":{"line":44,"column":2},"end":{"line":50,"column":3}},"24":{"start":{"line":45,"column":4},"end":{"line":47,"column":7}},"25":{"start":{"line":49,"column":4},"end":{"line":49,"column":16}},"26":{"start":{"line":54,"column":2},"end":{"line":60,"column":3}},"27":{"start":{"line":55,"column":4},"end":{"line":57,"column":7}},"28":{"start":{"line":59,"column":4},"end":{"line":59,"column":16}},"29":{"start":{"line":64,"column":2},"end":{"line":70,"column":3}},"30":{"start":{"line":65,"column":4},"end":{"line":67,"column":7}},"31":{"start":{"line":69,"column":4},"end":{"line":69,"column":16}},"32":{"start":{"line":74,"column":2},"end":{"line":80,"column":3}},"33":{"start":{"line":75,"column":4},"end":{"line":77,"column":7}},"34":{"start":{"line":79,"column":4},"end":{"line":79,"column":16}},"35":{"start":{"line":84,"column":0},"end":{"line":93,"column":3}},"36":{"start":{"line":85,"column":17},"end":{"line":85,"column":38}},"37":{"start":{"line":86,"column":2},"end":{"line":92,"column":3}},"38":{"start":{"line":87,"column":4},"end":{"line":89,"column":7}},"39":{"start":{"line":91,"column":4},"end":{"line":91,"column":21}},"40":{"start":{"line":96,"column":0},"end":{"line":104,"column":3}},"41":{"start":{"line":97,"column":16},"end":{"line":97,"column":36}},"42":{"start":{"line":98,"column":2},"end":{"line":102,"column":3}},"43":{"start":{"line":99,"column":4},"end":{"line":101,"column":7}},"44":{"start":{"line":103,"column":2},"end":{"line":103,"column":18}},"45":{"start":{"line":107,"column":0},"end":{"line":115,"column":3}},"46":{"start":{"line":108,"column":15},"end":{"line":108,"column":49}},"47":{"start":{"line":109,"column":2},"end":{"line":113,"column":3}},"48":{"start":{"line":110,"column":4},"end":{"line":112,"column":7}},"49":{"start":{"line":114,"column":2},"end":{"line":114,"column":24}},"50":{"start":{"line":118,"column":0},"end":{"line":132,"column":3}},"51":{"start":{"line":119,"column":2},"end":{"line":131,"column":3}},"52":{"start":{"line":120,"column":18},"end":{"line":120,"column":53}},"53":{"start":{"line":121,"column":4},"end":{"line":130,"column":5}},"54":{"start":{"line":122,"column":22},"end":{"line":122,"column":46}},"55":{"start":{"line":123,"column":6},"end":{"line":129,"column":7}},"56":{"start":{"line":124,"column":8},"end":{"line":126,"column":11}},"57":{"start":{"line":128,"column":8},"end":{"line":128,"column":26}},"58":{"start":{"line":135,"column":0},"end":{"line":149,"column":3}},"59":{"start":{"line":136,"column":2},"end":{"line":148,"column":3}},"60":{"start":{"line":137,"column":19},"end":{"line":137,"column":55}},"61":{"start":{"line":138,"column":4},"end":{"line":147,"column":5}},"62":{"start":{"line":139,"column":20},"end":{"line":139,"column":43}},"63":{"start":{"line":140,"column":6},"end":{"line":146,"column":7}},"64":{"start":{"line":141,"column":8},"end":{"line":143,"column":11}},"65":{"start":{"line":145,"column":8},"end":{"line":145,"column":24}},"66":{"start":{"line":152,"column":0},"end":{"line":164,"column":3}},"67":{"start":{"line":153,"column":2},"end":{"line":163,"column":3}},"68":{"start":{"line":154,"column":17},"end":{"line":154,"column":51}},"69":{"start":{"line":155,"column":4},"end":{"line":162,"column":5}},"70":{"start":{"line":156,"column":6},"end":{"line":160,"column":9}},"71":{"start":{"line":161,"column":6},"end":{"line":161,"column":57}},"72":{"start":{"line":167,"column":0},"end":{"line":179,"column":3}},"73":{"start":{"line":168,"column":2},"end":{"line":178,"column":3}},"74":{"start":{"line":169,"column":18},"end":{"line":169,"column":53}},"75":{"start":{"line":170,"column":4},"end":{"line":177,"column":5}},"76":{"start":{"line":171,"column":6},"end":{"line":175,"column":9}},"77":{"start":{"line":176,"column":6},"end":{"line":176,"column":58}},"78":{"start":{"line":182,"column":0},"end":{"line":194,"column":3}},"79":{"start":{"line":183,"column":2},"end":{"line":193,"column":3}},"80":{"start":{"line":184,"column":19},"end":{"line":184,"column":55}},"81":{"start":{"line":185,"column":4},"end":{"line":192,"column":5}},"82":{"start":{"line":186,"column":6},"end":{"line":190,"column":9}},"83":{"start":{"line":191,"column":6},"end":{"line":191,"column":59}},"84":{"start":{"line":197,"column":0},"end":{"line":209,"column":3}},"85":{"start":{"line":198,"column":2},"end":{"line":208,"column":3}},"86":{"start":{"line":199,"column":17},"end":{"line":199,"column":51}},"87":{"start":{"line":200,"column":4},"end":{"line":207,"column":5}},"88":{"start":{"line":201,"column":6},"end":{"line":205,"column":9}},"89":{"start":{"line":206,"column":6},"end":{"line":206,"column":57}},"90":{"start":{"line":212,"column":0},"end":{"line":226,"column":3}},"91":{"start":{"line":213,"column":2},"end":{"line":225,"column":3}},"92":{"start":{"line":214,"column":4},"end":{"line":224,"column":5}},"93":{"start":{"line":215,"column":6},"end":{"line":217,"column":9}},"94":{"start":{"line":219,"column":21},"end":{"line":219,"column":57}},"95":{"start":{"line":220,"column":6},"end":{"line":223,"column":7}},"96":{"start":{"line":221,"column":8},"end":{"line":221,"column":55}},"97":{"start":{"line":222,"column":8},"end":{"line":222,"column":76}},"98":{"start":{"line":229,"column":0},"end":{"line":240,"column":3}},"99":{"start":{"line":230,"column":2},"end":{"line":239,"column":3}},"100":{"start":{"line":231,"column":17},"end":{"line":231,"column":51}},"101":{"start":{"line":232,"column":4},"end":{"line":238,"column":5}},"102":{"start":{"line":233,"column":6},"end":{"line":236,"column":9}},"103":{"start":{"line":237,"column":6},"end":{"line":237,"column":57}},"104":{"start":{"line":244,"column":0},"end":{"line":254,"column":3}},"105":{"start":{"line":245,"column":2},"end":{"line":253,"column":3}},"106":{"start":{"line":246,"column":17},"end":{"line":246,"column":51}},"107":{"start":{"line":247,"column":4},"end":{"line":252,"column":5}},"108":{"start":{"line":248,"column":6},"end":{"line":250,"column":9}},"109":{"start":{"line":251,"column":6},"end":{"line":251,"column":57}},"110":{"start":{"line":258,"column":0},"end":{"line":272,"column":3}},"111":{"start":{"line":259,"column":2},"end":{"line":271,"column":3}},"112":{"start":{"line":260,"column":4},"end":{"line":270,"column":5}},"113":{"start":{"line":261,"column":6},"end":{"line":263,"column":9}},"114":{"start":{"line":265,"column":20},"end":{"line":265,"column":55}},"115":{"start":{"line":266,"column":6},"end":{"line":269,"column":7}},"116":{"start":{"line":267,"column":8},"end":{"line":267,"column":46}},"117":{"start":{"line":268,"column":8},"end":{"line":268,"column":60}},"118":{"start":{"line":275,"column":0},"end":{"line":286,"column":3}},"119":{"start":{"line":276,"column":2},"end":{"line":285,"column":3}},"120":{"start":{"line":277,"column":4},"end":{"line":279,"column":7}},"121":{"start":{"line":281,"column":4},"end":{"line":283,"column":7}},"122":{"start":{"line":284,"column":4},"end":{"line":284,"column":56}},"123":{"start":{"line":288,"column":23},"end":{"line":296,"column":1}},"124":{"start":{"line":299,"column":0},"end":{"line":342,"column":3}},"125":{"start":{"line":300,"column":56},"end":{"line":300,"column":64}},"126":{"start":{"line":301,"column":2},"end":{"line":341,"column":3}},"127":{"start":{"line":303,"column":17},"end":{"line":311,"column":6}},"128":{"start":{"line":312,"column":4},"end":{"line":338,"column":5}},"129":{"start":{"line":313,"column":6},"end":{"line":315,"column":71}},"130":{"start":{"line":317,"column":6},"end":{"line":337,"column":7}},"131":{"start":{"line":318,"column":8},"end":{"line":320,"column":11}},"132":{"start":{"line":322,"column":8},"end":{"line":336,"column":11}},"133":{"start":{"line":323,"column":10},"end":{"line":335,"column":13}},"134":{"start":{"line":324,"column":25},"end":{"line":330,"column":14}},"135":{"start":{"line":331,"column":12},"end":{"line":334,"column":15}},"136":{"start":{"line":340,"column":4},"end":{"line":340,"column":71}},"137":{"start":{"line":345,"column":0},"end":{"line":381,"column":3}},"138":{"start":{"line":346,"column":29},"end":{"line":346,"column":37}},"139":{"start":{"line":347,"column":15},"end":{"line":355,"column":4}},"140":{"start":{"line":356,"column":2},"end":{"line":380,"column":3}},"141":{"start":{"line":357,"column":4},"end":{"line":359,"column":7}},"142":{"start":{"line":361,"column":4},"end":{"line":379,"column":5}},"143":{"start":{"line":362,"column":6},"end":{"line":374,"column":9}},"144":{"start":{"line":365,"column":8},"end":{"line":373,"column":9}},"145":{"start":{"line":366,"column":10},"end":{"line":368,"column":13}},"146":{"start":{"line":372,"column":10},"end":{"line":372,"column":66}},"147":{"start":{"line":376,"column":6},"end":{"line":378,"column":69}},"148":{"start":{"line":384,"column":0},"end":{"line":401,"column":3}},"149":{"start":{"line":385,"column":2},"end":{"line":400,"column":3}},"150":{"start":{"line":386,"column":4},"end":{"line":399,"column":5}},"151":{"start":{"line":387,"column":6},"end":{"line":389,"column":9}},"152":{"start":{"line":391,"column":20},"end":{"line":391,"column":60}},"153":{"start":{"line":392,"column":6},"end":{"line":398,"column":7}},"154":{"start":{"line":393,"column":8},"end":{"line":396,"column":11}},"155":{"start":{"line":397,"column":8},"end":{"line":397,"column":61}},"156":{"start":{"line":404,"column":0},"end":{"line":430,"column":3}},"157":{"start":{"line":405,"column":2},"end":{"line":429,"column":3}},"158":{"start":{"line":406,"column":4},"end":{"line":410,"column":5}},"159":{"start":{"line":407,"column":6},"end":{"line":409,"column":9}},"160":{"start":{"line":411,"column":19},"end":{"line":411,"column":59}},"161":{"start":{"line":412,"column":4},"end":{"line":414,"column":5}},"162":{"start":{"line":413,"column":6},"end":{"line":413,"column":13}},"163":{"start":{"line":415,"column":19},"end":{"line":415,"column":34}},"164":{"start":{"line":416,"column":4},"end":{"line":421,"column":5}},"165":{"start":{"line":417,"column":19},"end":{"line":417,"column":55}},"166":{"start":{"line":418,"column":6},"end":{"line":420,"column":7}},"167":{"start":{"line":419,"column":8},"end":{"line":419,"column":79}},"168":{"start":{"line":422,"column":17},"end":{"line":427,"column":6}},"169":{"start":{"line":428,"column":4},"end":{"line":428,"column":61}},"170":{"start":{"line":432,"column":0},"end":{"line":437,"column":3}},"171":{"start":{"line":433,"column":2},"end":{"line":435,"column":3}},"172":{"start":{"line":434,"column":4},"end":{"line":434,"column":48}},"173":{"start":{"line":436,"column":2},"end":{"line":436,"column":35}},"174":{"start":{"line":439,"column":0},"end":{"line":439,"column":21}}},"fnMap":{"0":{"name":"checkIdValid","decl":{"start":{"line":29,"column":9},"end":{"line":29,"column":21}},"loc":{"start":{"line":29,"column":31},"end":{"line":41,"column":1}},"line":29},"1":{"name":"checkBoardExists","decl":{"start":{"line":43,"column":9},"end":{"line":43,"column":25}},"loc":{"start":{"line":43,"column":42},"end":{"line":51,"column":1}},"line":43},"2":{"name":"checkColumnExists","decl":{"start":{"line":53,"column":9},"end":{"line":53,"column":26}},"loc":{"start":{"line":53,"column":44},"end":{"line":61,"column":1}},"line":53},"3":{"name":"checkTaskExists","decl":{"start":{"line":63,"column":9},"end":{"line":63,"column":24}},"loc":{"start":{"line":63,"column":40},"end":{"line":71,"column":1}},"line":63},"4":{"name":"checkUserExists","decl":{"start":{"line":73,"column":9},"end":{"line":73,"column":24}},"loc":{"start":{"line":73,"column":40},"end":{"line":81,"column":1}},"line":73},"5":{"name":"(anonymous_5)","decl":{"start":{"line":84,"column":19},"end":{"line":84,"column":20}},"loc":{"start":{"line":84,"column":39},"end":{"line":93,"column":1}},"line":84},"6":{"name":"(anonymous_6)","decl":{"start":{"line":96,"column":18},"end":{"line":96,"column":19}},"loc":{"start":{"line":96,"column":38},"end":{"line":104,"column":1}},"line":96},"7":{"name":"(anonymous_7)","decl":{"start":{"line":107,"column":22},"end":{"line":107,"column":23}},"loc":{"start":{"line":107,"column":42},"end":{"line":115,"column":1}},"line":107},"8":{"name":"(anonymous_8)","decl":{"start":{"line":118,"column":31},"end":{"line":118,"column":32}},"loc":{"start":{"line":118,"column":51},"end":{"line":132,"column":1}},"line":118},"9":{"name":"(anonymous_9)","decl":{"start":{"line":135,"column":30},"end":{"line":135,"column":31}},"loc":{"start":{"line":135,"column":50},"end":{"line":149,"column":1}},"line":135},"10":{"name":"(anonymous_10)","decl":{"start":{"line":152,"column":25},"end":{"line":152,"column":26}},"loc":{"start":{"line":152,"column":45},"end":{"line":164,"column":1}},"line":152},"11":{"name":"(anonymous_11)","decl":{"start":{"line":167,"column":26},"end":{"line":167,"column":27}},"loc":{"start":{"line":167,"column":46},"end":{"line":179,"column":1}},"line":167},"12":{"name":"(anonymous_12)","decl":{"start":{"line":182,"column":43},"end":{"line":182,"column":44}},"loc":{"start":{"line":182,"column":63},"end":{"line":194,"column":1}},"line":182},"13":{"name":"(anonymous_13)","decl":{"start":{"line":197,"column":25},"end":{"line":197,"column":26}},"loc":{"start":{"line":197,"column":45},"end":{"line":209,"column":1}},"line":197},"14":{"name":"(anonymous_14)","decl":{"start":{"line":212,"column":26},"end":{"line":212,"column":27}},"loc":{"start":{"line":212,"column":46},"end":{"line":226,"column":1}},"line":212},"15":{"name":"(anonymous_15)","decl":{"start":{"line":229,"column":24},"end":{"line":229,"column":25}},"loc":{"start":{"line":229,"column":44},"end":{"line":240,"column":1}},"line":229},"16":{"name":"(anonymous_16)","decl":{"start":{"line":244,"column":37},"end":{"line":244,"column":38}},"loc":{"start":{"line":244,"column":57},"end":{"line":254,"column":1}},"line":244},"17":{"name":"(anonymous_17)","decl":{"start":{"line":258,"column":25},"end":{"line":258,"column":26}},"loc":{"start":{"line":258,"column":45},"end":{"line":272,"column":1}},"line":258},"18":{"name":"(anonymous_18)","decl":{"start":{"line":275,"column":20},"end":{"line":275,"column":21}},"loc":{"start":{"line":275,"column":40},"end":{"line":286,"column":1}},"line":275},"19":{"name":"(anonymous_19)","decl":{"start":{"line":299,"column":53},"end":{"line":299,"column":54}},"loc":{"start":{"line":299,"column":73},"end":{"line":342,"column":1}},"line":299},"20":{"name":"(anonymous_20)","decl":{"start":{"line":322,"column":35},"end":{"line":322,"column":36}},"loc":{"start":{"line":322,"column":56},"end":{"line":336,"column":9}},"line":322},"21":{"name":"(anonymous_21)","decl":{"start":{"line":323,"column":38},"end":{"line":323,"column":39}},"loc":{"start":{"line":323,"column":65},"end":{"line":335,"column":11}},"line":323},"22":{"name":"(anonymous_22)","decl":{"start":{"line":345,"column":25},"end":{"line":345,"column":26}},"loc":{"start":{"line":345,"column":45},"end":{"line":381,"column":1}},"line":345},"23":{"name":"(anonymous_23)","decl":{"start":{"line":362,"column":50},"end":{"line":362,"column":51}},"loc":{"start":{"line":362,"column":73},"end":{"line":374,"column":7}},"line":362},"24":{"name":"(anonymous_24)","decl":{"start":{"line":384,"column":38},"end":{"line":384,"column":39}},"loc":{"start":{"line":384,"column":58},"end":{"line":401,"column":1}},"line":384},"25":{"name":"(anonymous_25)","decl":{"start":{"line":404,"column":19},"end":{"line":404,"column":20}},"loc":{"start":{"line":404,"column":39},"end":{"line":430,"column":1}},"line":404},"26":{"name":"(anonymous_26)","decl":{"start":{"line":432,"column":8},"end":{"line":432,"column":9}},"loc":{"start":{"line":432,"column":39},"end":{"line":437,"column":1}},"line":432}},"branchMap":{"0":{"loc":{"start":{"line":30,"column":2},"end":{"line":40,"column":3}},"type":"if","locations":[{"start":{"line":30,"column":2},"end":{"line":40,"column":3}},{"start":{"line":30,"column":2},"end":{"line":40,"column":3}}],"line":30},"1":{"loc":{"start":{"line":30,"column":6},"end":{"line":30,"column":48}},"type":"binary-expr","locations":[{"start":{"line":30,"column":6},"end":{"line":30,"column":15}},{"start":{"line":30,"column":19},"end":{"line":30,"column":48}}],"line":30},"2":{"loc":{"start":{"line":34,"column":9},"end":{"line":40,"column":3}},"type":"if","locations":[{"start":{"line":34,"column":9},"end":{"line":40,"column":3}},{"start":{"line":34,"column":9},"end":{"line":40,"column":3}}],"line":34},"3":{"loc":{"start":{"line":44,"column":2},"end":{"line":50,"column":3}},"type":"if","locations":[{"start":{"line":44,"column":2},"end":{"line":50,"column":3}},{"start":{"line":44,"column":2},"end":{"line":50,"column":3}}],"line":44},"4":{"loc":{"start":{"line":54,"column":2},"end":{"line":60,"column":3}},"type":"if","locations":[{"start":{"line":54,"column":2},"end":{"line":60,"column":3}},{"start":{"line":54,"column":2},"end":{"line":60,"column":3}}],"line":54},"5":{"loc":{"start":{"line":64,"column":2},"end":{"line":70,"column":3}},"type":"if","locations":[{"start":{"line":64,"column":2},"end":{"line":70,"column":3}},{"start":{"line":64,"column":2},"end":{"line":70,"column":3}}],"line":64},"6":{"loc":{"start":{"line":74,"column":2},"end":{"line":80,"column":3}},"type":"if","locations":[{"start":{"line":74,"column":2},"end":{"line":80,"column":3}},{"start":{"line":74,"column":2},"end":{"line":80,"column":3}}],"line":74},"7":{"loc":{"start":{"line":86,"column":2},"end":{"line":92,"column":3}},"type":"if","locations":[{"start":{"line":86,"column":2},"end":{"line":92,"column":3}},{"start":{"line":86,"column":2},"end":{"line":92,"column":3}}],"line":86},"8":{"loc":{"start":{"line":86,"column":6},"end":{"line":86,"column":44}},"type":"binary-expr","locations":[{"start":{"line":86,"column":6},"end":{"line":86,"column":25}},{"start":{"line":86,"column":29},"end":{"line":86,"column":44}}],"line":86},"9":{"loc":{"start":{"line":98,"column":2},"end":{"line":102,"column":3}},"type":"if","locations":[{"start":{"line":98,"column":2},"end":{"line":102,"column":3}},{"start":{"line":98,"column":2},"end":{"line":102,"column":3}}],"line":98},"10":{"loc":{"start":{"line":98,"column":6},"end":{"line":98,"column":42}},"type":"binary-expr","locations":[{"start":{"line":98,"column":6},"end":{"line":98,"column":20}},{"start":{"line":98,"column":24},"end":{"line":98,"column":42}}],"line":98},"11":{"loc":{"start":{"line":109,"column":2},"end":{"line":113,"column":3}},"type":"if","locations":[{"start":{"line":109,"column":2},"end":{"line":113,"column":3}},{"start":{"line":109,"column":2},"end":{"line":113,"column":3}}],"line":109},"12":{"loc":{"start":{"line":119,"column":2},"end":{"line":131,"column":3}},"type":"if","locations":[{"start":{"line":119,"column":2},"end":{"line":131,"column":3}},{"start":{"line":119,"column":2},"end":{"line":131,"column":3}}],"line":119},"13":{"loc":{"start":{"line":121,"column":4},"end":{"line":130,"column":5}},"type":"if","locations":[{"start":{"line":121,"column":4},"end":{"line":130,"column":5}},{"start":{"line":121,"column":4},"end":{"line":130,"column":5}}],"line":121},"14":{"loc":{"start":{"line":123,"column":6},"end":{"line":129,"column":7}},"type":"if","locations":[{"start":{"line":123,"column":6},"end":{"line":129,"column":7}},{"start":{"line":123,"column":6},"end":{"line":129,"column":7}}],"line":123},"15":{"loc":{"start":{"line":136,"column":2},"end":{"line":148,"column":3}},"type":"if","locations":[{"start":{"line":136,"column":2},"end":{"line":148,"column":3}},{"start":{"line":136,"column":2},"end":{"line":148,"column":3}}],"line":136},"16":{"loc":{"start":{"line":138,"column":4},"end":{"line":147,"column":5}},"type":"if","locations":[{"start":{"line":138,"column":4},"end":{"line":147,"column":5}},{"start":{"line":138,"column":4},"end":{"line":147,"column":5}}],"line":138},"17":{"loc":{"start":{"line":140,"column":6},"end":{"line":146,"column":7}},"type":"if","locations":[{"start":{"line":140,"column":6},"end":{"line":146,"column":7}},{"start":{"line":140,"column":6},"end":{"line":146,"column":7}}],"line":140},"18":{"loc":{"start":{"line":153,"column":2},"end":{"line":163,"column":3}},"type":"if","locations":[{"start":{"line":153,"column":2},"end":{"line":163,"column":3}},{"start":{"line":153,"column":2},"end":{"line":163,"column":3}}],"line":153},"19":{"loc":{"start":{"line":155,"column":4},"end":{"line":162,"column":5}},"type":"if","locations":[{"start":{"line":155,"column":4},"end":{"line":162,"column":5}},{"start":{"line":155,"column":4},"end":{"line":162,"column":5}}],"line":155},"20":{"loc":{"start":{"line":168,"column":2},"end":{"line":178,"column":3}},"type":"if","locations":[{"start":{"line":168,"column":2},"end":{"line":178,"column":3}},{"start":{"line":168,"column":2},"end":{"line":178,"column":3}}],"line":168},"21":{"loc":{"start":{"line":170,"column":4},"end":{"line":177,"column":5}},"type":"if","locations":[{"start":{"line":170,"column":4},"end":{"line":177,"column":5}},{"start":{"line":170,"column":4},"end":{"line":177,"column":5}}],"line":170},"22":{"loc":{"start":{"line":183,"column":2},"end":{"line":193,"column":3}},"type":"if","locations":[{"start":{"line":183,"column":2},"end":{"line":193,"column":3}},{"start":{"line":183,"column":2},"end":{"line":193,"column":3}}],"line":183},"23":{"loc":{"start":{"line":185,"column":4},"end":{"line":192,"column":5}},"type":"if","locations":[{"start":{"line":185,"column":4},"end":{"line":192,"column":5}},{"start":{"line":185,"column":4},"end":{"line":192,"column":5}}],"line":185},"24":{"loc":{"start":{"line":198,"column":2},"end":{"line":208,"column":3}},"type":"if","locations":[{"start":{"line":198,"column":2},"end":{"line":208,"column":3}},{"start":{"line":198,"column":2},"end":{"line":208,"column":3}}],"line":198},"25":{"loc":{"start":{"line":200,"column":4},"end":{"line":207,"column":5}},"type":"if","locations":[{"start":{"line":200,"column":4},"end":{"line":207,"column":5}},{"start":{"line":200,"column":4},"end":{"line":207,"column":5}}],"line":200},"26":{"loc":{"start":{"line":213,"column":2},"end":{"line":225,"column":3}},"type":"if","locations":[{"start":{"line":213,"column":2},"end":{"line":225,"column":3}},{"start":{"line":213,"column":2},"end":{"line":225,"column":3}}],"line":213},"27":{"loc":{"start":{"line":214,"column":4},"end":{"line":224,"column":5}},"type":"if","locations":[{"start":{"line":214,"column":4},"end":{"line":224,"column":5}},{"start":{"line":214,"column":4},"end":{"line":224,"column":5}}],"line":214},"28":{"loc":{"start":{"line":220,"column":6},"end":{"line":223,"column":7}},"type":"if","locations":[{"start":{"line":220,"column":6},"end":{"line":223,"column":7}},{"start":{"line":220,"column":6},"end":{"line":223,"column":7}}],"line":220},"29":{"loc":{"start":{"line":230,"column":2},"end":{"line":239,"column":3}},"type":"if","locations":[{"start":{"line":230,"column":2},"end":{"line":239,"column":3}},{"start":{"line":230,"column":2},"end":{"line":239,"column":3}}],"line":230},"30":{"loc":{"start":{"line":232,"column":4},"end":{"line":238,"column":5}},"type":"if","locations":[{"start":{"line":232,"column":4},"end":{"line":238,"column":5}},{"start":{"line":232,"column":4},"end":{"line":238,"column":5}}],"line":232},"31":{"loc":{"start":{"line":245,"column":2},"end":{"line":253,"column":3}},"type":"if","locations":[{"start":{"line":245,"column":2},"end":{"line":253,"column":3}},{"start":{"line":245,"column":2},"end":{"line":253,"column":3}}],"line":245},"32":{"loc":{"start":{"line":247,"column":4},"end":{"line":252,"column":5}},"type":"if","locations":[{"start":{"line":247,"column":4},"end":{"line":252,"column":5}},{"start":{"line":247,"column":4},"end":{"line":252,"column":5}}],"line":247},"33":{"loc":{"start":{"line":259,"column":2},"end":{"line":271,"column":3}},"type":"if","locations":[{"start":{"line":259,"column":2},"end":{"line":271,"column":3}},{"start":{"line":259,"column":2},"end":{"line":271,"column":3}}],"line":259},"34":{"loc":{"start":{"line":260,"column":4},"end":{"line":270,"column":5}},"type":"if","locations":[{"start":{"line":260,"column":4},"end":{"line":270,"column":5}},{"start":{"line":260,"column":4},"end":{"line":270,"column":5}}],"line":260},"35":{"loc":{"start":{"line":266,"column":6},"end":{"line":269,"column":7}},"type":"if","locations":[{"start":{"line":266,"column":6},"end":{"line":269,"column":7}},{"start":{"line":266,"column":6},"end":{"line":269,"column":7}}],"line":266},"36":{"loc":{"start":{"line":276,"column":2},"end":{"line":285,"column":3}},"type":"if","locations":[{"start":{"line":276,"column":2},"end":{"line":285,"column":3}},{"start":{"line":276,"column":2},"end":{"line":285,"column":3}}],"line":276},"37":{"loc":{"start":{"line":301,"column":2},"end":{"line":341,"column":3}},"type":"if","locations":[{"start":{"line":301,"column":2},"end":{"line":341,"column":3}},{"start":{"line":301,"column":2},"end":{"line":341,"column":3}}],"line":301},"38":{"loc":{"start":{"line":312,"column":4},"end":{"line":338,"column":5}},"type":"if","locations":[{"start":{"line":312,"column":4},"end":{"line":338,"column":5}},{"start":{"line":312,"column":4},"end":{"line":338,"column":5}}],"line":312},"39":{"loc":{"start":{"line":317,"column":6},"end":{"line":337,"column":7}},"type":"if","locations":[{"start":{"line":317,"column":6},"end":{"line":337,"column":7}},{"start":{"line":317,"column":6},"end":{"line":337,"column":7}}],"line":317},"40":{"loc":{"start":{"line":356,"column":2},"end":{"line":380,"column":3}},"type":"if","locations":[{"start":{"line":356,"column":2},"end":{"line":380,"column":3}},{"start":{"line":356,"column":2},"end":{"line":380,"column":3}}],"line":356},"41":{"loc":{"start":{"line":361,"column":4},"end":{"line":379,"column":5}},"type":"if","locations":[{"start":{"line":361,"column":4},"end":{"line":379,"column":5}},{"start":{"line":361,"column":4},"end":{"line":379,"column":5}}],"line":361},"42":{"loc":{"start":{"line":365,"column":8},"end":{"line":373,"column":9}},"type":"if","locations":[{"start":{"line":365,"column":8},"end":{"line":373,"column":9}},{"start":{"line":365,"column":8},"end":{"line":373,"column":9}}],"line":365},"43":{"loc":{"start":{"line":385,"column":2},"end":{"line":400,"column":3}},"type":"if","locations":[{"start":{"line":385,"column":2},"end":{"line":400,"column":3}},{"start":{"line":385,"column":2},"end":{"line":400,"column":3}}],"line":385},"44":{"loc":{"start":{"line":386,"column":4},"end":{"line":399,"column":5}},"type":"if","locations":[{"start":{"line":386,"column":4},"end":{"line":399,"column":5}},{"start":{"line":386,"column":4},"end":{"line":399,"column":5}}],"line":386},"45":{"loc":{"start":{"line":392,"column":6},"end":{"line":398,"column":7}},"type":"if","locations":[{"start":{"line":392,"column":6},"end":{"line":398,"column":7}},{"start":{"line":392,"column":6},"end":{"line":398,"column":7}}],"line":392},"46":{"loc":{"start":{"line":405,"column":2},"end":{"line":429,"column":3}},"type":"if","locations":[{"start":{"line":405,"column":2},"end":{"line":429,"column":3}},{"start":{"line":405,"column":2},"end":{"line":429,"column":3}}],"line":405},"47":{"loc":{"start":{"line":406,"column":4},"end":{"line":410,"column":5}},"type":"if","locations":[{"start":{"line":406,"column":4},"end":{"line":410,"column":5}},{"start":{"line":406,"column":4},"end":{"line":410,"column":5}}],"line":406},"48":{"loc":{"start":{"line":412,"column":4},"end":{"line":414,"column":5}},"type":"if","locations":[{"start":{"line":412,"column":4},"end":{"line":414,"column":5}},{"start":{"line":412,"column":4},"end":{"line":414,"column":5}}],"line":412},"49":{"loc":{"start":{"line":416,"column":4},"end":{"line":421,"column":5}},"type":"if","locations":[{"start":{"line":416,"column":4},"end":{"line":421,"column":5}},{"start":{"line":416,"column":4},"end":{"line":421,"column":5}}],"line":416},"50":{"loc":{"start":{"line":418,"column":6},"end":{"line":420,"column":7}},"type":"if","locations":[{"start":{"line":418,"column":6},"end":{"line":420,"column":7}},{"start":{"line":418,"column":6},"end":{"line":420,"column":7}}],"line":418},"51":{"loc":{"start":{"line":433,"column":2},"end":{"line":435,"column":3}},"type":"if","locations":[{"start":{"line":433,"column":2},"end":{"line":435,"column":3}},{"start":{"line":433,"column":2},"end":{"line":435,"column":3}}],"line":433}},"s":{"0":2,"1":2,"2":2,"3":2,"4":2,"5":2,"6":2,"7":2,"8":2,"9":2,"10":2,"11":2,"12":2,"13":2,"14":2,"15":2,"16":2,"17":2,"18":51,"19":20,"20":31,"21":10,"22":21,"23":8,"24":4,"25":4,"26":9,"27":3,"28":6,"29":4,"30":2,"31":2,"32":0,"33":0,"34":0,"35":2,"36":1,"37":1,"38":0,"39":1,"40":2,"41":1,"42":1,"43":0,"44":1,"45":2,"46":2,"47":2,"48":1,"49":1,"50":2,"51":5,"52":2,"53":2,"54":1,"55":1,"56":0,"57":1,"58":2,"59":5,"60":2,"61":2,"62":1,"63":1,"64":0,"65":1,"66":2,"67":0,"68":0,"69":0,"70":0,"71":0,"72":2,"73":5,"74":2,"75":2,"76":1,"77":1,"78":2,"79":5,"80":2,"81":2,"82":1,"83":1,"84":2,"85":5,"86":2,"87":2,"88":1,"89":1,"90":2,"91":5,"92":2,"93":0,"94":2,"95":2,"96":1,"97":1,"98":2,"99":5,"100":2,"101":2,"102":1,"103":1,"104":2,"105":0,"106":0,"107":0,"108":0,"109":0,"110":2,"111":5,"112":2,"113":0,"114":2,"115":2,"116":1,"117":1,"118":2,"119":1,"120":0,"121":1,"122":1,"123":2,"124":2,"125":1,"126":1,"127":1,"128":1,"129":0,"130":1,"131":0,"132":1,"133":1,"134":1,"135":1,"136":0,"137":2,"138":0,"139":0,"140":0,"141":0,"142":0,"143":0,"144":0,"145":0,"146":0,"147":0,"148":2,"149":5,"150":2,"151":0,"152":2,"153":2,"154":1,"155":1,"156":2,"157":6,"158":3,"159":0,"160":3,"161":3,"162":0,"163":3,"164":3,"165":1,"166":1,"167":0,"168":3,"169":3,"170":2,"171":0,"172":0,"173":0,"174":2},"f":{"0":51,"1":8,"2":9,"3":4,"4":0,"5":1,"6":1,"7":2,"8":5,"9":5,"10":0,"11":5,"12":5,"13":5,"14":5,"15":5,"16":0,"17":5,"18":1,"19":1,"20":1,"21":1,"22":0,"23":0,"24":5,"25":6,"26":0},"b":{"0":[20,31],"1":[51,41],"2":[10,21],"3":[4,4],"4":[3,6],"5":[2,2],"6":[0,0],"7":[0,1],"8":[1,1],"9":[0,1],"10":[1,1],"11":[1,1],"12":[2,3],"13":[1,1],"14":[0,1],"15":[2,3],"16":[1,1],"17":[0,1],"18":[0,0],"19":[0,0],"20":[2,3],"21":[1,1],"22":[2,3],"23":[1,1],"24":[2,3],"25":[1,1],"26":[2,3],"27":[0,2],"28":[1,1],"29":[2,3],"30":[1,1],"31":[0,0],"32":[0,0],"33":[2,3],"34":[0,2],"35":[1,1],"36":[0,1],"37":[1,0],"38":[0,1],"39":[0,1],"40":[0,0],"41":[0,0],"42":[0,0],"43":[2,3],"44":[0,2],"45":[1,1],"46":[3,3],"47":[0,3],"48":[0,3],"49":[1,2],"50":[0,1],"51":[0,0]},"_coverageSchema":"1a1c01bbd47fc00a2c39e90264f33305004495a9","hash":"e9f85e6b014790199c46af8ce1fd57cac5428b31"}
,"F:\\Projects\\Todo_Board\\todo_backend\\board.js": {"path":"F:\\Projects\\Todo_Board\\todo_backend\\board.js","statementMap":{"0":{"start":{"line":1,"column":18},"end":{"line":1,"column":36}},"1":{"start":{"line":2,"column":29},"end":{"line":2,"column":49}},"2":{"start":{"line":6,"column":0},"end":{"line":15,"column":2}},"3":{"start":{"line":17,"column":0},"end":{"line":17,"column":23}}},"fnMap":{},"branchMap":{},"s":{"0":2,"1":2,"2":2,"3":2},"f":{},"b":{},"_coverageSchema":"1a1c01bbd47fc00a2c39e90264f33305004495a9","hash":"7a944c86df1cc22c4bc23942a0dda2e27cf68dfc"}
,"F:\\Projects\\Todo_Board\\todo_backend\\column.js": {"path":"F:\\Projects\\Todo_Board\\todo_backend\\column.js","statementMap":{"0":{"start":{"line":1,"column":18},"end":{"line":1,"column":36}},"1":{"start":{"line":2,"column":29},"end":{"line":2,"column":49}},"2":{"start":{"line":6,"column":0},"end":{"line":15,"column":2}},"3":{"start":{"line":17,"column":0},"end":{"line":17,"column":24}}},"fnMap":{},"branchMap":{},"s":{"0":2,"1":2,"2":2,"3":2},"f":{},"b":{},"_coverageSchema":"1a1c01bbd47fc00a2c39e90264f33305004495a9","hash":"6922424476e170e4500ebdd36419e5c9a35fc924"}
,"F:\\Projects\\Todo_Board\\todo_backend\\db.js": {"path":"F:\\Projects\\Todo_Board\\todo_backend\\db.js","statementMap":{"0":{"start":{"line":1,"column":22},"end":{"line":1,"column":42}},"1":{"start":{"line":2,"column":13},"end":{"line":2,"column":28}},"2":{"start":{"line":5,"column":2},"end":{"line":7,"column":44}},"3":{"start":{"line":9,"column":18},"end":{"line":13,"column":2}},"4":{"start":{"line":15,"column":0},"end":{"line":15,"column":27}}},"fnMap":{},"branchMap":{"0":{"loc":{"start":{"line":5,"column":2},"end":{"line":7,"column":44}},"type":"cond-expr","locations":[{"start":{"line":6,"column":6},"end":{"line":6,"column":16}},{"start":{"line":7,"column":6},"end":{"line":7,"column":44}}],"line":5}},"s":{"0":2,"1":2,"2":2,"3":2,"4":2},"f":{},"b":{"0":[2,0]},"_coverageSchema":"1a1c01bbd47fc00a2c39e90264f33305004495a9","hash":"dacf9b41d94e6d2192dfc70fefec164d8fae4510"}
,"F:\\Projects\\Todo_Board\\todo_backend\\sandbox.js": {"path":"F:\\Projects\\Todo_Board\\todo_backend\\sandbox.js","statementMap":{"0":{"start":{"line":1,"column":16},"end":{"line":1,"column":36}},"1":{"start":{"line":2,"column":13},"end":{"line":2,"column":30}},"2":{"start":{"line":3,"column":14},"end":{"line":3,"column":32}},"3":{"start":{"line":4,"column":15},"end":{"line":4,"column":34}},"4":{"start":{"line":5,"column":13},"end":{"line":5,"column":30}},"5":{"start":{"line":8,"column":2},"end":{"line":8,"column":18}},"6":{"start":{"line":10,"column":18},"end":{"line":17,"column":4}},"7":{"start":{"line":20,"column":19},"end":{"line":22,"column":4}},"8":{"start":{"line":25,"column":20},"end":{"line":27,"column":4}},"9":{"start":{"line":29,"column":20},"end":{"line":31,"column":4}},"10":{"start":{"line":34,"column":18},"end":{"line":37,"column":4}},"11":{"start":{"line":38,"column":2},"end":{"line":38,"column":27}},"12":{"start":{"line":40,"column":18},"end":{"line":43,"column":4}},"13":{"start":{"line":44,"column":2},"end":{"line":44,"column":27}},"14":{"start":{"line":47,"column":0},"end":{"line":47,"column":25}}},"fnMap":{"0":{"name":"sandbox","decl":{"start":{"line":7,"column":15},"end":{"line":7,"column":22}},"loc":{"start":{"line":7,"column":25},"end":{"line":45,"column":1}},"line":7}},"branchMap":{},"s":{"0":2,"1":2,"2":2,"3":2,"4":2,"5":59,"6":59,"7":59,"8":59,"9":59,"10":59,"11":59,"12":59,"13":59,"14":2},"f":{"0":59},"b":{},"_coverageSchema":"1a1c01bbd47fc00a2c39e90264f33305004495a9","hash":"01dc2183ddb4b529683a2fda5892027375e07ca9"}
,"F:\\Projects\\Todo_Board\\todo_backend\\setupDb.js": {"path":"F:\\Projects\\Todo_Board\\todo_backend\\setupDb.js","statementMap":{"0":{"start":{"line":1,"column":13},"end":{"line":1,"column":30}},"1":{"start":{"line":2,"column":14},"end":{"line":2,"column":32}},"2":{"start":{"line":3,"column":15},"end":{"line":3,"column":34}},"3":{"start":{"line":4,"column":13},"end":{"line":4,"column":30}},"4":{"start":{"line":5,"column":11},"end":{"line":5,"column":26}},"5":{"start":{"line":8,"column":2},"end":{"line":8,"column":47}},"6":{"start":{"line":9,"column":2},"end":{"line":9,"column":24}},"7":{"start":{"line":11,"column":2},"end":{"line":11,"column":46}},"8":{"start":{"line":12,"column":2},"end":{"line":12,"column":23}},"9":{"start":{"line":14,"column":2},"end":{"line":14,"column":49}},"10":{"start":{"line":15,"column":2},"end":{"line":15,"column":26}},"11":{"start":{"line":17,"column":2},"end":{"line":17,"column":48}},"12":{"start":{"line":18,"column":2},"end":{"line":18,"column":25}},"13":{"start":{"line":20,"column":2},"end":{"line":20,"column":60}},"14":{"start":{"line":23,"column":0},"end":{"line":23,"column":25}}},"fnMap":{"0":{"name":"setupDb","decl":{"start":{"line":7,"column":15},"end":{"line":7,"column":22}},"loc":{"start":{"line":7,"column":25},"end":{"line":21,"column":1}},"line":7}},"branchMap":{},"s":{"0":2,"1":2,"2":2,"3":2,"4":2,"5":59,"6":59,"7":59,"8":59,"9":59,"10":59,"11":59,"12":59,"13":59,"14":2},"f":{"0":59},"b":{},"_coverageSchema":"1a1c01bbd47fc00a2c39e90264f33305004495a9","hash":"72edfbd62d092c7b7e493e2103246c14b0aa7ca5"}
,"F:\\Projects\\Todo_Board\\todo_backend\\task.js": {"path":"F:\\Projects\\Todo_Board\\todo_backend\\task.js","statementMap":{"0":{"start":{"line":1,"column":18},"end":{"line":1,"column":36}},"1":{"start":{"line":2,"column":29},"end":{"line":2,"column":49}},"2":{"start":{"line":6,"column":0},"end":{"line":16,"column":2}},"3":{"start":{"line":18,"column":0},"end":{"line":18,"column":22}}},"fnMap":{},"branchMap":{},"s":{"0":2,"1":2,"2":2,"3":2},"f":{},"b":{},"_coverageSchema":"1a1c01bbd47fc00a2c39e90264f33305004495a9","hash":"5ec70b67b730549073267e0530e60af54bcfd8f3"}
,"F:\\Projects\\Todo_Board\\todo_backend\\user.js": {"path":"F:\\Projects\\Todo_Board\\todo_backend\\user.js","statementMap":{"0":{"start":{"line":1,"column":18},"end":{"line":1,"column":36}},"1":{"start":{"line":2,"column":29},"end":{"line":2,"column":49}},"2":{"start":{"line":6,"column":0},"end":{"line":19,"column":2}},"3":{"start":{"line":21,"column":0},"end":{"line":21,"column":22}}},"fnMap":{},"branchMap":{},"s":{"0":2,"1":2,"2":2,"3":2},"f":{},"b":{},"_coverageSchema":"1a1c01bbd47fc00a2c39e90264f33305004495a9","hash":"fc07275a2437210bb2e10d77ccfa706257738f2a"}
}
