TN:
SF:app.js
FN:29,checkIdValid
FN:43,checkBoardExists
FN:53,checkColumnExists
FN:63,checkTaskExists
FN:73,checkUserExists
FN:84,(anonymous_5)
FN:96,(anonymous_6)
FN:107,(anonymous_7)
FN:118,(anonymous_8)
FN:135,(anonymous_9)
FN:152,(anonymous_10)
FN:167,(anonymous_11)
FN:182,(anonymous_12)
FN:197,(anonymous_13)
FN:212,(anonymous_14)
FN:229,(anonymous_15)
FN:244,(anonymous_16)
FN:258,(anonymous_17)
FN:275,(anonymous_18)
FN:299,(anonymous_19)
FN:322,(anonymous_20)
FN:323,(anonymous_21)
FN:345,(anonymous_22)
FN:362,(anonymous_23)
FN:384,(anonymous_24)
FN:404,(anonymous_25)
FN:432,(anonymous_26)
FNF:27
FNH:21
FNDA:51,checkIdValid
FNDA:8,checkBoardExists
FNDA:9,checkColumnExists
FNDA:4,checkTaskExists
FNDA:0,checkUserExists
FNDA:1,(anonymous_5)
FNDA:1,(anonymous_6)
FNDA:2,(anonymous_7)
FNDA:5,(anonymous_8)
FNDA:5,(anonymous_9)
FNDA:0,(anonymous_10)
FNDA:5,(anonymous_11)
FNDA:5,(anonymous_12)
FNDA:5,(anonymous_13)
FNDA:5,(anonymous_14)
FNDA:5,(anonymous_15)
FNDA:0,(anonymous_16)
FNDA:5,(anonymous_17)
FNDA:1,(anonymous_18)
FNDA:1,(anonymous_19)
FNDA:1,(anonymous_20)
FNDA:1,(anonymous_21)
FNDA:0,(anonymous_22)
FNDA:0,(anonymous_23)
FNDA:5,(anonymous_24)
FNDA:6,(anonymous_25)
FNDA:0,(anonymous_26)
DA:1,2
DA:2,2
DA:3,2
DA:4,2
DA:5,2
DA:6,2
DA:7,2
DA:8,2
DA:9,2
DA:10,2
DA:11,2
DA:13,2
DA:14,2
DA:16,2
DA:22,2
DA:24,2
DA:26,2
DA:27,2
DA:30,51
DA:31,20
DA:34,31
DA:35,10
DA:39,21
DA:44,8
DA:45,4
DA:49,4
DA:54,9
DA:55,3
DA:59,6
DA:64,4
DA:65,2
DA:69,2
DA:74,0
DA:75,0
DA:79,0
DA:84,2
DA:85,1
DA:86,1
DA:87,0
DA:91,1
DA:96,2
DA:97,1
DA:98,1
DA:99,0
DA:103,1
DA:107,2
DA:108,2
DA:109,2
DA:110,1
DA:114,1
DA:118,2
DA:119,5
DA:120,2
DA:121,2
DA:122,1
DA:123,1
DA:124,0
DA:128,1
DA:135,2
DA:136,5
DA:137,2
DA:138,2
DA:139,1
DA:140,1
DA:141,0
DA:145,1
DA:152,2
DA:153,0
DA:154,0
DA:155,0
DA:156,0
DA:161,0
DA:167,2
DA:168,5
DA:169,2
DA:170,2
DA:171,1
DA:176,1
DA:182,2
DA:183,5
DA:184,2
DA:185,2
DA:186,1
DA:191,1
DA:197,2
DA:198,5
DA:199,2
DA:200,2
DA:201,1
DA:206,1
DA:212,2
DA:213,5
DA:214,2
DA:215,0
DA:219,2
DA:220,2
DA:221,1
DA:222,1
DA:229,2
DA:230,5
DA:231,2
DA:232,2
DA:233,1
DA:237,1
DA:244,2
DA:245,0
DA:246,0
DA:247,0
DA:248,0
DA:251,0
DA:258,2
DA:259,5
DA:260,2
DA:261,0
DA:265,2
DA:266,2
DA:267,1
DA:268,1
DA:275,2
DA:276,1
DA:277,0
DA:281,1
DA:284,1
DA:288,2
DA:299,2
DA:300,1
DA:301,1
DA:303,1
DA:312,1
DA:313,0
DA:317,1
DA:318,0
DA:322,1
DA:323,1
DA:324,1
DA:331,1
DA:340,0
DA:345,2
DA:346,0
DA:347,0
DA:356,0
DA:357,0
DA:361,0
DA:362,0
DA:365,0
DA:366,0
DA:372,0
DA:376,0
DA:384,2
DA:385,5
DA:386,2
DA:387,0
DA:391,2
DA:392,2
DA:393,1
DA:397,1
DA:404,2
DA:405,6
DA:406,3
DA:407,0
DA:411,3
DA:412,3
DA:413,0
DA:415,3
DA:416,3
DA:417,1
DA:418,1
DA:419,0
DA:422,3
DA:428,3
DA:432,2
DA:433,0
DA:434,0
DA:436,0
DA:439,2
LF:175
LH:135
BRDA:30,0,0,20
BRDA:30,0,1,31
BRDA:30,1,0,51
BRDA:30,1,1,41
BRDA:34,2,0,10
BRDA:34,2,1,21
BRDA:44,3,0,4
BRDA:44,3,1,4
BRDA:54,4,0,3
BRDA:54,4,1,6
BRDA:64,5,0,2
BRDA:64,5,1,2
BRDA:74,6,0,0
BRDA:74,6,1,0
BRDA:86,7,0,0
BRDA:86,7,1,1
BRDA:86,8,0,1
BRDA:86,8,1,1
BRDA:98,9,0,0
BRDA:98,9,1,1
BRDA:98,10,0,1
BRDA:98,10,1,1
BRDA:109,11,0,1
BRDA:109,11,1,1
BRDA:119,12,0,2
BRDA:119,12,1,3
BRDA:121,13,0,1
BRDA:121,13,1,1
BRDA:123,14,0,0
BRDA:123,14,1,1
BRDA:136,15,0,2
BRDA:136,15,1,3
BRDA:138,16,0,1
BRDA:138,16,1,1
BRDA:140,17,0,0
BRDA:140,17,1,1
BRDA:153,18,0,0
BRDA:153,18,1,0
BRDA:155,19,0,0
BRDA:155,19,1,0
BRDA:168,20,0,2
BRDA:168,20,1,3
BRDA:170,21,0,1
BRDA:170,21,1,1
BRDA:183,22,0,2
BRDA:183,22,1,3
BRDA:185,23,0,1
BRDA:185,23,1,1
BRDA:198,24,0,2
BRDA:198,24,1,3
BRDA:200,25,0,1
BRDA:200,25,1,1
BRDA:213,26,0,2
BRDA:213,26,1,3
BRDA:214,27,0,0
BRDA:214,27,1,2
BRDA:220,28,0,1
BRDA:220,28,1,1
BRDA:230,29,0,2
BRDA:230,29,1,3
BRDA:232,30,0,1
BRDA:232,30,1,1
BRDA:245,31,0,0
BRDA:245,31,1,0
BRDA:247,32,0,0
BRDA:247,32,1,0
BRDA:259,33,0,2
BRDA:259,33,1,3
BRDA:260,34,0,0
BRDA:260,34,1,2
BRDA:266,35,0,1
BRDA:266,35,1,1
BRDA:276,36,0,0
BRDA:276,36,1,1
BRDA:301,37,0,1
BRDA:301,37,1,0
BRDA:312,38,0,0
BRDA:312,38,1,1
BRDA:317,39,0,0
BRDA:317,39,1,1
BRDA:356,40,0,0
BRDA:356,40,1,0
BRDA:361,41,0,0
BRDA:361,41,1,0
BRDA:365,42,0,0
BRDA:365,42,1,0
BRDA:385,43,0,2
BRDA:385,43,1,3
BRDA:386,44,0,0
BRDA:386,44,1,2
BRDA:392,45,0,1
BRDA:392,45,1,1
BRDA:405,46,0,3
BRDA:405,46,1,3
BRDA:406,47,0,0
BRDA:406,47,1,3
BRDA:412,48,0,0
BRDA:412,48,1,3
BRDA:416,49,0,1
BRDA:416,49,1,2
BRDA:418,50,0,0
BRDA:418,50,1,1
BRDA:433,51,0,0
BRDA:433,51,1,0
BRF:104
BRH:72
end_of_record
TN:
SF:board.js
FNF:0
FNH:0
DA:1,2
DA:2,2
DA:6,2
DA:17,2
LF:4
LH:4
BRF:0
BRH:0
end_of_record
TN:
SF:column.js
FNF:0
FNH:0
DA:1,2
DA:2,2
DA:6,2
DA:17,2
LF:4
LH:4
BRF:0
BRH:0
end_of_record
TN:
SF:db.js
FNF:0
FNH:0
DA:1,2
DA:2,2
DA:5,2
DA:9,2
DA:15,2
LF:5
LH:5
BRDA:5,0,0,2
BRDA:5,0,1,0
BRF:2
BRH:1
end_of_record
TN:
SF:sandbox.js
FN:7,sandbox
FNF:1
FNH:1
FNDA:59,sandbox
DA:1,2
DA:2,2
DA:3,2
DA:4,2
DA:5,2
DA:8,59
DA:10,59
DA:20,59
DA:25,59
DA:29,59
DA:34,59
DA:38,59
DA:40,59
DA:44,59
DA:47,2
LF:15
LH:15
BRF:0
BRH:0
end_of_record
TN:
SF:setupDb.js
FN:7,setupDb
FNF:1
FNH:1
FNDA:59,setupDb
DA:1,2
DA:2,2
DA:3,2
DA:4,2
DA:5,2
DA:8,59
DA:9,59
DA:11,59
DA:12,59
DA:14,59
DA:15,59
DA:17,59
DA:18,59
DA:20,59
DA:23,2
LF:15
LH:15
BRF:0
BRH:0
end_of_record
TN:
SF:task.js
FNF:0
FNH:0
DA:1,2
DA:2,2
DA:6,2
DA:18,2
LF:4
LH:4
BRF:0
BRH:0
end_of_record
TN:
SF:user.js
FNF:0
FNH:0
DA:1,2
DA:2,2
DA:6,2
DA:21,2
LF:4
LH:4
BRF:0
BRH:0
end_of_record
